# JRE version: OpenJDK Runtime Environment Temurin-21.0.12.1+1 (21.0.12.1+1) (build 21.0.12.1+1-LTS)
# Java VM: OpenJDK 64-Bit Server VM Temurin-21.0.12.1+1 (21.0.12.1+1-LTS, mixed mode, sharing, tiered, compressed oops, compressed class ptrs, parallel gc, windows-amd64)
GC Precious Log:
 CardTable entry size: 512
 CPUs: 12 total, 12 available
 Memory: 8114M
 Large Page Support: Disabled
 NUMA Support: Disabled
 Compressed Oops: Enabled (32-bit)
 Alignments: Space 512K, Generation 512K, Heap 2M
 Heap Min Capacity: 100M
 Heap Initial Capacity: 100M
 Heap Max Capacity: 2G
 Pre-touch: Disabled
 Parallel Workers: 10
Heap:
 PSYoungGen      total 12800K, used 12493K [0x00000000d5580000, 0x00000000d6800000, 0x0000000100000000)
  eden space 10240K, 100% used [0x00000000d5580000,0x00000000d5f80000,0x00000000d5f80000)
  from space 2560K, 88% used [0x00000000d6580000,0x00000000d67b3508,0x00000000d6800000)
  to   space 3584K, 63% used [0x00000000d6100000,0x00000000d633c4f0,0x00000000d6480000)
 ParOldGen       total 79872K, used 79610K [0x0000000080000000, 0x0000000084e00000, 0x00000000d5580000)
  object space 79872K, 99% used [0x0000000080000000,0x0000000084dbe958,0x0000000084e00000)
 Metaspace       used 65394K, committed 66752K, reserved 1114112K
  class space    used 7132K, committed 7680K, reserved 1048576K
GC Heap History (20 events):
Event: 17.918 GC heap before
{Heap before GC invocations=42 (full 3):
 PSYoungGen      total 14336K, used 14322K [0x00000000d5580000, 0x00000000d6700000, 0x0000000100000000)
  eden space 11776K, 100% used [0x00000000d5580000,0x00000000d6100000,0x00000000d6100000)
  from space 2560K, 99% used [0x00000000d6480000,0x00000000d66fc9c8,0x00000000d6700000)
  to   space 3072K, 0% used [0x00000000d6100000,0x00000000d6100000,0x00000000d6400000)
 ParOldGen       total 68608K, used 57521K [0x0000000080000000, 0x0000000084300000, 0x00000000d5580000)
  object space 68608K, 83% used [0x0000000080000000,0x000000008382c660,0x0000000084300000)
 Metaspace       used 64712K, committed 66112K, reserved 1114112K
  class space    used 7084K, committed 7680K, reserved 1048576K
}
Event: 17.923 GC heap after
{Heap after GC invocations=42 (full 3):
 PSYoungGen      total 13312K, used 1339K [0x00000000d5580000, 0x00000000d6500000, 0x0000000100000000)
  eden space 11776K, 0% used [0x00000000d5580000,0x00000000d5580000,0x00000000d6100000)
  from space 1536K, 87% used [0x00000000d6100000,0x00000000d624ed48,0x00000000d6280000)
  to   space 2048K, 0% used [0x00000000d6300000,0x00000000d6300000,0x00000000d6500000)
 ParOldGen       total 68608K, used 59759K [0x0000000080000000, 0x0000000084300000, 0x00000000d5580000)
  object space 68608K, 87% used [0x0000000080000000,0x0000000083a5bcb8,0x0000000084300000)
 Metaspace       used 64712K, committed 66112K, reserved 1114112K
  class space    used 7084K, committed 7680K, reserved 1048576K
}
Event: 18.015 GC heap before
{Heap before GC invocations=43 (full 3):
 PSYoungGen      total 13312K, used 13112K [0x00000000d5580000, 0x00000000d6500000, 0x0000000100000000)
  eden space 11776K, 99% used [0x00000000d5580000,0x00000000d60ff440,0x00000000d6100000)
  from space 1536K, 87% used [0x00000000d6100000,0x00000000d624ed48,0x00000000d6280000)
  to   space 2048K, 0% used [0x00000000d6300000,0x00000000d6300000,0x00000000d6500000)
 ParOldGen       total 68608K, used 59759K [0x0000000080000000, 0x0000000084300000, 0x00000000d5580000)
  object space 68608K, 87% used [0x0000000080000000,0x0000000083a5bcb8,0x0000000084300000)
 Metaspace       used 65199K, committed 66560K, reserved 1114112K
  class space    used 7120K, committed 7680K, reserved 1048576K
}
Event: 18.018 GC heap after
{Heap after GC invocations=43 (full 3):
 PSYoungGen      total 12288K, used 2021K [0x00000000d5580000, 0x00000000d6800000, 0x0000000100000000)
  eden space 10240K, 0% used [0x00000000d5580000,0x00000000d5580000,0x00000000d5f80000)
  from space 2048K, 98% used [0x00000000d6300000,0x00000000d64f9620,0x00000000d6500000)
  to   space 3584K, 0% used [0x00000000d5f80000,0x00000000d5f80000,0x00000000d6300000)
 ParOldGen       total 68608K, used 60907K [0x0000000080000000, 0x0000000084300000, 0x00000000d5580000)
  object space 68608K, 88% used [0x0000000080000000,0x0000000083b7ad20,0x0000000084300000)
 Metaspace       used 65199K, committed 66560K, reserved 1114112K
  class space    used 7120K, committed 7680K, reserved 1048576K
}
Event: 18.108 GC heap before
{Heap before GC invocations=44 (full 3):
 PSYoungGen      total 12288K, used 12261K [0x00000000d5580000, 0x00000000d6800000, 0x0000000100000000)
  eden space 10240K, 100% used [0x00000000d5580000,0x00000000d5f80000,0x00000000d5f80000)
  from space 2048K, 98% used [0x00000000d6300000,0x00000000d64f9620,0x00000000d6500000)
  to   space 3584K, 0% used [0x00000000d5f80000,0x00000000d5f80000,0x00000000d6300000)
 ParOldGen       total 68608K, used 60907K [0x0000000080000000, 0x0000000084300000, 0x00000000d5580000)
  object space 68608K, 88% used [0x0000000080000000,0x0000000083b7ad20,0x0000000084300000)
 Metaspace       used 65241K, committed 66624K, reserved 1114112K
  class space    used 7125K, committed 7680K, reserved 1048576K
}
Event: 18.111 GC heap after
{Heap after GC invocations=44 (full 3):
 PSYoungGen      total 12800K, used 2289K [0x00000000d5580000, 0x00000000d6580000, 0x0000000100000000)
  eden space 10240K, 0% used [0x00000000d5580000,0x00000000d5580000,0x00000000d5f80000)
  from space 2560K, 89% used [0x00000000d5f80000,0x00000000d61bc530,0x00000000d6200000)
  to   space 3072K, 0% used [0x00000000d6280000,0x00000000d6280000,0x00000000d6580000)
 ParOldGen       total 68608K, used 62844K [0x0000000080000000, 0x0000000084300000, 0x00000000d5580000)
  object space 68608K, 91% used [0x0000000080000000,0x0000000083d5f230,0x0000000084300000)
 Metaspace       used 65241K, committed 66624K, reserved 1114112K
  class space    used 7125K, committed 7680K, reserved 1048576K
}
Event: 18.208 GC heap before
{Heap before GC invocations=45 (full 3):
 PSYoungGen      total 12800K, used 12529K [0x00000000d5580000, 0x00000000d6580000, 0x0000000100000000)
  eden space 10240K, 100% used [0x00000000d5580000,0x00000000d5f80000,0x00000000d5f80000)
  from space 2560K, 89% used [0x00000000d5f80000,0x00000000d61bc530,0x00000000d6200000)
  to   space 3072K, 0% used [0x00000000d6280000,0x00000000d6280000,0x00000000d6580000)
 ParOldGen       total 68608K, used 62844K [0x0000000080000000, 0x0000000084300000, 0x00000000d5580000)
  object space 68608K, 91% used [0x0000000080000000,0x0000000083d5f230,0x0000000084300000)
 Metaspace       used 65241K, committed 66624K, reserved 1114112K
  class space    used 7125K, committed 7680K, reserved 1048576K
}
Event: 18.212 GC heap after
{Heap after GC invocations=45 (full 3):
 PSYoungGen      total 12800K, used 2419K [0x00000000d5580000, 0x00000000d6500000, 0x0000000100000000)
  eden space 10240K, 0% used [0x00000000d5580000,0x00000000d5580000,0x00000000d5f80000)
  from space 2560K, 94% used [0x00000000d6280000,0x00000000d64dcd10,0x00000000d6500000)
  to   space 2560K, 0% used [0x00000000d5f80000,0x00000000d5f80000,0x00000000d6200000)
 ParOldGen       total 68608K, used 64996K [0x0000000080000000, 0x0000000084300000, 0x00000000d5580000)
  object space 68608K, 94% used [0x0000000080000000,0x0000000083f793b0,0x0000000084300000)
 Metaspace       used 65241K, committed 66624K, reserved 1114112K
  class space    used 7125K, committed 7680K, reserved 1048576K
}
Event: 18.324 GC heap before
{Heap before GC invocations=46 (full 3):
 PSYoungGen      total 12800K, used 12659K [0x00000000d5580000, 0x00000000d6500000, 0x0000000100000000)
  eden space 10240K, 100% used [0x00000000d5580000,0x00000000d5f80000,0x00000000d5f80000)
  from space 2560K, 94% used [0x00000000d6280000,0x00000000d64dcd10,0x00000000d6500000)
  to   space 2560K, 0% used [0x00000000d5f80000,0x00000000d5f80000,0x00000000d6200000)
 ParOldGen       total 68608K, used 64996K [0x0000000080000000, 0x0000000084300000, 0x00000000d5580000)
  object space 68608K, 94% used [0x0000000080000000,0x0000000083f793b0,0x0000000084300000)
 Metaspace       used 65301K, committed 66688K, reserved 1114112K
  class space    used 7130K, committed 7680K, reserved 1048576K
}
Event: 18.329 GC heap after
{Heap after GC invocations=46 (full 3):
 PSYoungGen      total 12800K, used 2291K [0x00000000d5580000, 0x00000000d6480000, 0x0000000100000000)
  eden space 10240K, 0% used [0x00000000d5580000,0x00000000d5580000,0x00000000d5f80000)
  from space 2560K, 89% used [0x00000000d5f80000,0x00000000d61bcd50,0x00000000d6200000)
  to   space 2560K, 0% used [0x00000000d6200000,0x00000000d6200000,0x00000000d6480000)
 ParOldGen       total 68608K, used 67237K [0x0000000080000000, 0x0000000084300000, 0x00000000d5580000)
  object space 68608K, 98% used [0x0000000080000000,0x00000000841a96e8,0x0000000084300000)
 Metaspace       used 65301K, committed 66688K, reserved 1114112K
  class space    used 7130K, committed 7680K, reserved 1048576K
}
Event: 18.458 GC heap before
{Heap before GC invocations=47 (full 3):
 PSYoungGen      total 12800K, used 12531K [0x00000000d5580000, 0x00000000d6480000, 0x0000000100000000)
  eden space 10240K, 100% used [0x00000000d5580000,0x00000000d5f80000,0x00000000d5f80000)
  from space 2560K, 89% used [0x00000000d5f80000,0x00000000d61bcd50,0x00000000d6200000)
  to   space 2560K, 0% used [0x00000000d6200000,0x00000000d6200000,0x00000000d6480000)
 ParOldGen       total 68608K, used 67237K [0x0000000080000000, 0x0000000084300000, 0x00000000d5580000)
  object space 68608K, 98% used [0x0000000080000000,0x00000000841a96e8,0x0000000084300000)
 Metaspace       used 65336K, committed 66688K, reserved 1114112K
  class space    used 7131K, committed 7680K, reserved 1048576K
}
Event: 18.461 GC heap after
{Heap after GC invocations=47 (full 3):
 PSYoungGen      total 12800K, used 2234K [0x00000000d5580000, 0x00000000d6480000, 0x0000000100000000)
  eden space 10240K, 0% used [0x00000000d5580000,0x00000000d5580000,0x00000000d5f80000)
  from space 2560K, 87% used [0x00000000d6200000,0x00000000d642e8d8,0x00000000d6480000)
  to   space 2560K, 0% used [0x00000000d5f80000,0x00000000d5f80000,0x00000000d6200000)
 ParOldGen       total 69632K, used 69141K [0x0000000080000000, 0x0000000084400000, 0x00000000d5580000)
  object space 69632K, 99% used [0x0000000080000000,0x0000000084385588,0x0000000084400000)
 Metaspace       used 65336K, committed 66688K, reserved 1114112K
  class space    used 7131K, committed 7680K, reserved 1048576K
}
Event: 18.550 GC heap before
{Heap before GC invocations=48 (full 3):
 PSYoungGen      total 12800K, used 12474K [0x00000000d5580000, 0x00000000d6480000, 0x0000000100000000)
  eden space 10240K, 100% used [0x00000000d5580000,0x00000000d5f80000,0x00000000d5f80000)
  from space 2560K, 87% used [0x00000000d6200000,0x00000000d642e8d8,0x00000000d6480000)
  to   space 2560K, 0% used [0x00000000d5f80000,0x00000000d5f80000,0x00000000d6200000)
 ParOldGen       total 69632K, used 69141K [0x0000000080000000, 0x0000000084400000, 0x00000000d5580000)
  object space 69632K, 99% used [0x0000000080000000,0x0000000084385588,0x0000000084400000)
 Metaspace       used 65391K, committed 66752K, reserved 1114112K
  class space    used 7132K, committed 7680K, reserved 1048576K
}
Event: 18.554 GC heap after
{Heap after GC invocations=48 (full 3):
 PSYoungGen      total 12800K, used 2179K [0x00000000d5580000, 0x00000000d6480000, 0x0000000100000000)
  eden space 10240K, 0% used [0x00000000d5580000,0x00000000d5580000,0x00000000d5f80000)
  from space 2560K, 85% used [0x00000000d5f80000,0x00000000d61a0c38,0x00000000d6200000)
  to   space 2560K, 0% used [0x00000000d6200000,0x00000000d6200000,0x00000000d6480000)
 ParOldGen       total 71680K, used 71169K [0x0000000080000000, 0x0000000084600000, 0x00000000d5580000)
  object space 71680K, 99% used [0x0000000080000000,0x0000000084580648,0x0000000084600000)
 Metaspace       used 65391K, committed 66752K, reserved 1114112K
  class space    used 7132K, committed 7680K, reserved 1048576K
}
Event: 18.663 GC heap before
{Heap before GC invocations=49 (full 3):
 PSYoungGen      total 12800K, used 12419K [0x00000000d5580000, 0x00000000d6480000, 0x0000000100000000)
  eden space 10240K, 100% used [0x00000000d5580000,0x00000000d5f80000,0x00000000d5f80000)
  from space 2560K, 85% used [0x00000000d5f80000,0x00000000d61a0c38,0x00000000d6200000)
  to   space 2560K, 0% used [0x00000000d6200000,0x00000000d6200000,0x00000000d6480000)
 ParOldGen       total 71680K, used 71169K [0x0000000080000000, 0x0000000084600000, 0x00000000d5580000)
  object space 71680K, 99% used [0x0000000080000000,0x0000000084580648,0x0000000084600000)
 Metaspace       used 65391K, committed 66752K, reserved 1114112K
  class space    used 7132K, committed 7680K, reserved 1048576K
}
Event: 18.666 GC heap after
{Heap after GC invocations=49 (full 3):
 PSYoungGen      total 12800K, used 2386K [0x00000000d5580000, 0x00000000d6480000, 0x0000000100000000)
  eden space 10240K, 0% used [0x00000000d5580000,0x00000000d5580000,0x00000000d5f80000)
  from space 2560K, 93% used [0x00000000d6200000,0x00000000d6454900,0x00000000d6480000)
  to   space 2560K, 0% used [0x00000000d5f80000,0x00000000d5f80000,0x00000000d6200000)
 ParOldGen       total 73216K, used 73198K [0x0000000080000000, 0x0000000084780000, 0x00000000d5580000)
  object space 73216K, 99% used [0x0000000080000000,0x000000008477b9f0,0x0000000084780000)
 Metaspace       used 65391K, committed 66752K, reserved 1114112K
  class space    used 7132K, committed 7680K, reserved 1048576K
}
Event: 18.821 GC heap before
{Heap before GC invocations=50 (full 3):
 PSYoungGen      total 12800K, used 12626K [0x00000000d5580000, 0x00000000d6480000, 0x0000000100000000)
  eden space 10240K, 100% used [0x00000000d5580000,0x00000000d5f80000,0x00000000d5f80000)
  from space 2560K, 93% used [0x00000000d6200000,0x00000000d6454900,0x00000000d6480000)
  to   space 2560K, 0% used [0x00000000d5f80000,0x00000000d5f80000,0x00000000d6200000)
 ParOldGen       total 73216K, used 73198K [0x0000000080000000, 0x0000000084780000, 0x00000000d5580000)
  object space 73216K, 99% used [0x0000000080000000,0x000000008477b9f0,0x0000000084780000)
 Metaspace       used 65393K, committed 66752K, reserved 1114112K
  class space    used 7132K, committed 7680K, reserved 1048576K
}
Event: 18.824 GC heap after
{Heap after GC invocations=50 (full 3):
 PSYoungGen      total 12800K, used 2553K [0x00000000d5580000, 0x00000000d6b80000, 0x0000000100000000)
  eden space 10240K, 0% used [0x00000000d5580000,0x00000000d5580000,0x00000000d5f80000)
  from space 2560K, 99% used [0x00000000d5f80000,0x00000000d61fe738,0x00000000d6200000)
  to   space 6144K, 0% used [0x00000000d6580000,0x00000000d6580000,0x00000000d6b80000)
 ParOldGen       total 76288K, used 75845K [0x0000000080000000, 0x0000000084a80000, 0x00000000d5580000)
  object space 76288K, 99% used [0x0000000080000000,0x0000000084a11680,0x0000000084a80000)
 Metaspace       used 65393K, committed 66752K, reserved 1114112K
  class space    used 7132K, committed 7680K, reserved 1048576K
}
Event: 18.984 GC heap before
{Heap before GC invocations=51 (full 3):
 PSYoungGen      total 12800K, used 12793K [0x00000000d5580000, 0x00000000d6b80000, 0x0000000100000000)
  eden space 10240K, 100% used [0x00000000d5580000,0x00000000d5f80000,0x00000000d5f80000)
  from space 2560K, 99% used [0x00000000d5f80000,0x00000000d61fe738,0x00000000d6200000)
  to   space 6144K, 0% used [0x00000000d6580000,0x00000000d6580000,0x00000000d6b80000)
 ParOldGen       total 76288K, used 75845K [0x0000000080000000, 0x0000000084a80000, 0x00000000d5580000)
  object space 76288K, 99% used [0x0000000080000000,0x0000000084a11680,0x0000000084a80000)
 Metaspace       used 65393K, committed 66752K, reserved 1114112K
  class space    used 7132K, committed 7680K, reserved 1048576K
}
Event: 18.991 GC heap after
{Heap after GC invocations=51 (full 3):
 PSYoungGen      total 12800K, used 2253K [0x00000000d5580000, 0x00000000d6800000, 0x0000000100000000)
  eden space 10240K, 0% used [0x00000000d5580000,0x00000000d5580000,0x00000000d5f80000)
  from space 2560K, 88% used [0x00000000d6580000,0x00000000d67b3508,0x00000000d6800000)
  to   space 3584K, 0% used [0x00000000d6100000,0x00000000d6100000,0x00000000d6480000)
 ParOldGen       total 78848K, used 78400K [0x0000000080000000, 0x0000000084d00000, 0x00000000d5580000)
  object space 78848K, 99% used [0x0000000080000000,0x0000000084c902b0,0x0000000084d00000)
 Metaspace       used 65393K, committed 66752K, reserved 1114112K
  class space    used 7132K, committed 7680K, reserved 1048576K
}

